0 info it worked if it ends with ok
1 verbose cli [ '/usr/local/bin/node',
1 verbose cli   '/usr/local/bin/npm',
1 verbose cli   'install',
1 verbose cli   '--save-dev',
1 verbose cli   'gulp-broswerify',
1 verbose cli   'jquery',
1 verbose cli   'moustache',
1 verbose cli   'bootstrap' ]
2 info using npm@3.10.10
3 info using node@v6.10.2
4 silly loadCurrentTree Starting
5 silly install loadCurrentTree
6 silly install readLocalPackageData
7 silly fetchPackageMetaData gulp-broswerify
8 silly fetchPackageMetaData jquery
9 silly fetchPackageMetaData moustache
10 silly fetchPackageMetaData bootstrap
11 silly fetchNamedPackageData gulp-broswerify
12 silly mapToRegistry name gulp-broswerify
13 silly mapToRegistry using default registry
14 silly mapToRegistry registry https://registry.npmjs.org/
15 silly mapToRegistry data Result {
15 silly mapToRegistry   raw: 'gulp-broswerify',
15 silly mapToRegistry   scope: null,
15 silly mapToRegistry   escapedName: 'gulp-broswerify',
15 silly mapToRegistry   name: 'gulp-broswerify',
15 silly mapToRegistry   rawSpec: '',
15 silly mapToRegistry   spec: 'latest',
15 silly mapToRegistry   type: 'tag' }
16 silly mapToRegistry uri https://registry.npmjs.org/gulp-broswerify
17 silly fetchNamedPackageData jquery
18 silly mapToRegistry name jquery
19 silly mapToRegistry using default registry
20 silly mapToRegistry registry https://registry.npmjs.org/
21 silly mapToRegistry data Result {
21 silly mapToRegistry   raw: 'jquery',
21 silly mapToRegistry   scope: null,
21 silly mapToRegistry   escapedName: 'jquery',
21 silly mapToRegistry   name: 'jquery',
21 silly mapToRegistry   rawSpec: '',
21 silly mapToRegistry   spec: 'latest',
21 silly mapToRegistry   type: 'tag' }
22 silly mapToRegistry uri https://registry.npmjs.org/jquery
23 silly fetchNamedPackageData moustache
24 silly mapToRegistry name moustache
25 silly mapToRegistry using default registry
26 silly mapToRegistry registry https://registry.npmjs.org/
27 silly mapToRegistry data Result {
27 silly mapToRegistry   raw: 'moustache',
27 silly mapToRegistry   scope: null,
27 silly mapToRegistry   escapedName: 'moustache',
27 silly mapToRegistry   name: 'moustache',
27 silly mapToRegistry   rawSpec: '',
27 silly mapToRegistry   spec: 'latest',
27 silly mapToRegistry   type: 'tag' }
28 silly mapToRegistry uri https://registry.npmjs.org/moustache
29 silly fetchNamedPackageData bootstrap
30 silly mapToRegistry name bootstrap
31 silly mapToRegistry using default registry
32 silly mapToRegistry registry https://registry.npmjs.org/
33 silly mapToRegistry data Result {
33 silly mapToRegistry   raw: 'bootstrap',
33 silly mapToRegistry   scope: null,
33 silly mapToRegistry   escapedName: 'bootstrap',
33 silly mapToRegistry   name: 'bootstrap',
33 silly mapToRegistry   rawSpec: '',
33 silly mapToRegistry   spec: 'latest',
33 silly mapToRegistry   type: 'tag' }
34 silly mapToRegistry uri https://registry.npmjs.org/bootstrap
35 verbose request uri https://registry.npmjs.org/gulp-broswerify
36 verbose request no auth needed
37 info attempt registry request try #1 at 7:38:55 PM
38 verbose request id ac238f600f556a21
39 http request GET https://registry.npmjs.org/gulp-broswerify
40 verbose request uri https://registry.npmjs.org/jquery
41 verbose request no auth needed
42 info attempt registry request try #1 at 7:38:55 PM
43 http request GET https://registry.npmjs.org/jquery
44 verbose request uri https://registry.npmjs.org/moustache
45 verbose request no auth needed
46 info attempt registry request try #1 at 7:38:55 PM
47 http request GET https://registry.npmjs.org/moustache
48 verbose request uri https://registry.npmjs.org/bootstrap
49 verbose request no auth needed
50 info attempt registry request try #1 at 7:38:55 PM
51 http request GET https://registry.npmjs.org/bootstrap
52 http 200 https://registry.npmjs.org/moustache
53 verbose headers { server: 'nginx/1.10.3',
53 verbose headers   'content-type': 'application/json',
53 verbose headers   'last-modified': 'Thu, 23 Feb 2017 01:34:20 GMT',
53 verbose headers   etag: 'W/"58ae3c1c-129e"',
53 verbose headers   'content-encoding': 'gzip',
53 verbose headers   'cache-control': 'max-age=300',
53 verbose headers   'content-length': '1439',
53 verbose headers   'accept-ranges': 'bytes',
53 verbose headers   date: 'Wed, 21 Jun 2017 02:38:56 GMT',
53 verbose headers   via: '1.1 varnish',
53 verbose headers   age: '0',
53 verbose headers   connection: 'keep-alive',
53 verbose headers   'x-served-by': 'cache-sjc3648-SJC',
53 verbose headers   'x-cache': 'MISS',
53 verbose headers   'x-cache-hits': '0',
53 verbose headers   'x-timer': 'S1498012736.865443,VS0,VE152',
53 verbose headers   vary: 'Accept-Encoding' }
54 silly get cb [ 200,
54 silly get   { server: 'nginx/1.10.3',
54 silly get     'content-type': 'application/json',
54 silly get     'last-modified': 'Thu, 23 Feb 2017 01:34:20 GMT',
54 silly get     etag: 'W/"58ae3c1c-129e"',
54 silly get     'content-encoding': 'gzip',
54 silly get     'cache-control': 'max-age=300',
54 silly get     'content-length': '1439',
54 silly get     'accept-ranges': 'bytes',
54 silly get     date: 'Wed, 21 Jun 2017 02:38:56 GMT',
54 silly get     via: '1.1 varnish',
54 silly get     age: '0',
54 silly get     connection: 'keep-alive',
54 silly get     'x-served-by': 'cache-sjc3648-SJC',
54 silly get     'x-cache': 'MISS',
54 silly get     'x-cache-hits': '0',
54 silly get     'x-timer': 'S1498012736.865443,VS0,VE152',
54 silly get     vary: 'Accept-Encoding' } ]
55 verbose get saving moustache to /Users/aditya63/.npm/registry.npmjs.org/moustache/.cache.json
56 verbose correctMkdir /Users/aditya63/.npm correctMkdir not in flight; initializing
57 http 404 https://registry.npmjs.org/gulp-broswerify
58 verbose headers { 'content-type': 'application/json',
58 verbose headers   'cache-control': 'max-age=0',
58 verbose headers   'content-length': '2',
58 verbose headers   'accept-ranges': 'bytes',
58 verbose headers   date: 'Wed, 21 Jun 2017 02:38:56 GMT',
58 verbose headers   via: '1.1 varnish',
58 verbose headers   age: '0',
58 verbose headers   connection: 'keep-alive',
58 verbose headers   'x-served-by': 'cache-sjc3624-SJC',
58 verbose headers   'x-cache': 'MISS',
58 verbose headers   'x-cache-hits': '0',
58 verbose headers   'x-timer': 'S1498012736.988344,VS0,VE142',
58 verbose headers   vary: 'Accept-Encoding' }
59 silly get cb [ 404,
59 silly get   { 'content-type': 'application/json',
59 silly get     'cache-control': 'max-age=0',
59 silly get     'content-length': '2',
59 silly get     'accept-ranges': 'bytes',
59 silly get     date: 'Wed, 21 Jun 2017 02:38:56 GMT',
59 silly get     via: '1.1 varnish',
59 silly get     age: '0',
59 silly get     connection: 'keep-alive',
59 silly get     'x-served-by': 'cache-sjc3624-SJC',
59 silly get     'x-cache': 'MISS',
59 silly get     'x-cache-hits': '0',
59 silly get     'x-timer': 'S1498012736.988344,VS0,VE142',
59 silly get     vary: 'Accept-Encoding' } ]
60 silly fetchPackageMetaData Error: Registry returned 404 for GET on https://registry.npmjs.org/gulp-broswerify
60 silly fetchPackageMetaData     at makeError (/usr/local/lib/node_modules/npm/node_modules/npm-registry-client/lib/request.js:302:12)
60 silly fetchPackageMetaData     at CachingRegistryClient.<anonymous> (/usr/local/lib/node_modules/npm/node_modules/npm-registry-client/lib/request.js:280:14)
60 silly fetchPackageMetaData     at Request._callback (/usr/local/lib/node_modules/npm/node_modules/npm-registry-client/lib/request.js:210:14)
60 silly fetchPackageMetaData     at Request.self.callback (/usr/local/lib/node_modules/npm/node_modules/request/request.js:187:22)
60 silly fetchPackageMetaData     at emitTwo (events.js:106:13)
60 silly fetchPackageMetaData     at Request.emit (events.js:191:7)
60 silly fetchPackageMetaData     at Request.<anonymous> (/usr/local/lib/node_modules/npm/node_modules/request/request.js:1048:10)
60 silly fetchPackageMetaData     at emitOne (events.js:96:13)
60 silly fetchPackageMetaData     at Request.emit (events.js:188:7)
60 silly fetchPackageMetaData     at IncomingMessage.<anonymous> (/usr/local/lib/node_modules/npm/node_modules/request/request.js:969:12)
60 silly fetchPackageMetaData  error for gulp-broswerify { Error: Registry returned 404 for GET on https://registry.npmjs.org/gulp-broswerify
60 silly fetchPackageMetaData     at makeError (/usr/local/lib/node_modules/npm/node_modules/npm-registry-client/lib/request.js:302:12)
60 silly fetchPackageMetaData     at CachingRegistryClient.<anonymous> (/usr/local/lib/node_modules/npm/node_modules/npm-registry-client/lib/request.js:280:14)
60 silly fetchPackageMetaData     at Request._callback (/usr/local/lib/node_modules/npm/node_modules/npm-registry-client/lib/request.js:210:14)
60 silly fetchPackageMetaData     at Request.self.callback (/usr/local/lib/node_modules/npm/node_modules/request/request.js:187:22)
60 silly fetchPackageMetaData     at emitTwo (events.js:106:13)
60 silly fetchPackageMetaData     at Request.emit (events.js:191:7)
60 silly fetchPackageMetaData     at Request.<anonymous> (/usr/local/lib/node_modules/npm/node_modules/request/request.js:1048:10)
60 silly fetchPackageMetaData     at emitOne (events.js:96:13)
60 silly fetchPackageMetaData     at Request.emit (events.js:188:7)
60 silly fetchPackageMetaData     at IncomingMessage.<anonymous> (/usr/local/lib/node_modules/npm/node_modules/request/request.js:969:12) pkgid: 'gulp-broswerify', statusCode: 404, code: 'E404' }
61 http 200 https://registry.npmjs.org/bootstrap
62 verbose headers { server: 'nginx/1.10.3',
62 verbose headers   'content-type': 'application/json',
62 verbose headers   'last-modified': 'Sat, 17 Jun 2017 20:37:32 GMT',
62 verbose headers   etag: 'W/"5945930c-c76e"',
62 verbose headers   'content-encoding': 'gzip',
62 verbose headers   'cache-control': 'max-age=300',
62 verbose headers   'content-length': '9841',
62 verbose headers   'accept-ranges': 'bytes',
62 verbose headers   date: 'Wed, 21 Jun 2017 02:38:56 GMT',
62 verbose headers   via: '1.1 varnish',
62 verbose headers   age: '0',
62 verbose headers   connection: 'keep-alive',
62 verbose headers   'x-served-by': 'cache-sjc3124-SJC',
62 verbose headers   'x-cache': 'HIT',
62 verbose headers   'x-cache-hits': '1',
62 verbose headers   'x-timer': 'S1498012737.869452,VS0,VE23',
62 verbose headers   vary: 'Accept-Encoding' }
63 silly get cb [ 200,
63 silly get   { server: 'nginx/1.10.3',
63 silly get     'content-type': 'application/json',
63 silly get     'last-modified': 'Sat, 17 Jun 2017 20:37:32 GMT',
63 silly get     etag: 'W/"5945930c-c76e"',
63 silly get     'content-encoding': 'gzip',
63 silly get     'cache-control': 'max-age=300',
63 silly get     'content-length': '9841',
63 silly get     'accept-ranges': 'bytes',
63 silly get     date: 'Wed, 21 Jun 2017 02:38:56 GMT',
63 silly get     via: '1.1 varnish',
63 silly get     age: '0',
63 silly get     connection: 'keep-alive',
63 silly get     'x-served-by': 'cache-sjc3124-SJC',
63 silly get     'x-cache': 'HIT',
63 silly get     'x-cache-hits': '1',
63 silly get     'x-timer': 'S1498012737.869452,VS0,VE23',
63 silly get     vary: 'Accept-Encoding' } ]
64 verbose get saving bootstrap to /Users/aditya63/.npm/registry.npmjs.org/bootstrap/.cache.json
65 verbose correctMkdir /Users/aditya63/.npm correctMkdir not in flight; initializing
66 http 200 https://registry.npmjs.org/jquery
67 verbose headers { server: 'nginx/1.10.1',
67 verbose headers   'content-type': 'application/json',
67 verbose headers   'last-modified': 'Mon, 19 Jun 2017 00:32:23 GMT',
67 verbose headers   etag: 'W/"59471b97-16073"',
67 verbose headers   'content-encoding': 'gzip',
67 verbose headers   'cache-control': 'max-age=300',
67 verbose headers   'content-length': '10666',
67 verbose headers   'accept-ranges': 'bytes',
67 verbose headers   date: 'Wed, 21 Jun 2017 02:38:56 GMT',
67 verbose headers   via: '1.1 varnish',
67 verbose headers   age: '30',
67 verbose headers   connection: 'keep-alive',
67 verbose headers   'x-served-by': 'cache-sjc3626-SJC',
67 verbose headers   'x-cache': 'HIT',
67 verbose headers   'x-cache-hits': '1',
67 verbose headers   'x-timer': 'S1498012737.945058,VS0,VE0',
67 verbose headers   vary: 'Accept-Encoding' }
68 silly get cb [ 200,
68 silly get   { server: 'nginx/1.10.1',
68 silly get     'content-type': 'application/json',
68 silly get     'last-modified': 'Mon, 19 Jun 2017 00:32:23 GMT',
68 silly get     etag: 'W/"59471b97-16073"',
68 silly get     'content-encoding': 'gzip',
68 silly get     'cache-control': 'max-age=300',
68 silly get     'content-length': '10666',
68 silly get     'accept-ranges': 'bytes',
68 silly get     date: 'Wed, 21 Jun 2017 02:38:56 GMT',
68 silly get     via: '1.1 varnish',
68 silly get     age: '30',
68 silly get     connection: 'keep-alive',
68 silly get     'x-served-by': 'cache-sjc3626-SJC',
68 silly get     'x-cache': 'HIT',
68 silly get     'x-cache-hits': '1',
68 silly get     'x-timer': 'S1498012737.945058,VS0,VE0',
68 silly get     vary: 'Accept-Encoding' } ]
69 verbose get saving jquery to /Users/aditya63/.npm/registry.npmjs.org/jquery/.cache.json
70 verbose correctMkdir /Users/aditya63/.npm correctMkdir not in flight; initializing
71 silly rollbackFailedOptional Starting
72 silly rollbackFailedOptional Finishing
73 silly runTopLevelLifecycles Finishing
74 silly install printInstalled
75 verbose stack Error: Registry returned 404 for GET on https://registry.npmjs.org/gulp-broswerify
75 verbose stack     at makeError (/usr/local/lib/node_modules/npm/node_modules/npm-registry-client/lib/request.js:302:12)
75 verbose stack     at CachingRegistryClient.<anonymous> (/usr/local/lib/node_modules/npm/node_modules/npm-registry-client/lib/request.js:280:14)
75 verbose stack     at Request._callback (/usr/local/lib/node_modules/npm/node_modules/npm-registry-client/lib/request.js:210:14)
75 verbose stack     at Request.self.callback (/usr/local/lib/node_modules/npm/node_modules/request/request.js:187:22)
75 verbose stack     at emitTwo (events.js:106:13)
75 verbose stack     at Request.emit (events.js:191:7)
75 verbose stack     at Request.<anonymous> (/usr/local/lib/node_modules/npm/node_modules/request/request.js:1048:10)
75 verbose stack     at emitOne (events.js:96:13)
75 verbose stack     at Request.emit (events.js:188:7)
75 verbose stack     at IncomingMessage.<anonymous> (/usr/local/lib/node_modules/npm/node_modules/request/request.js:969:12)
76 verbose statusCode 404
77 verbose pkgid gulp-broswerify
78 verbose cwd /Users/aditya63/codeStuff/web_project/app
79 error Darwin 16.6.0
80 error argv "/usr/local/bin/node" "/usr/local/bin/npm" "install" "--save-dev" "gulp-broswerify" "jquery" "moustache" "bootstrap"
81 error node v6.10.2
82 error npm  v3.10.10
83 error code E404
84 error 404 Registry returned 404 for GET on https://registry.npmjs.org/gulp-broswerify
85 error 404
86 error 404 'gulp-broswerify' is not in the npm registry.
87 error 404 You should bug the author to publish it (or use the name yourself!)
88 error 404 Note that you can also install from a
89 error 404 tarball, folder, http url, or git url.
90 verbose exit [ 1, true ]
